#
# There is insufficient memory for the Java Runtime Environment to continue.
# Native memory allocation (malloc) failed to allocate 1048576 bytes for AllocateHeap
# Possible reasons:
#   The system is out of physical RAM or swap space
#   The process is running with CompressedOops enabled, and the Java Heap may be blocking the growth of the native heap
# Possible solutions:
#   Reduce memory load on the system
#   Increase physical memory or swap space
#   Check if swap backing store is full
#   Decrease Java heap size (-Xmx/-Xms)
#   Decrease number of Java threads
#   Decrease Java thread stack sizes (-Xss)
#   Set larger code cache with -XX:ReservedCodeCacheSize=
# This output file may be truncated or incomplete.
#
#  Out of Memory Error (c:/BuildAgent/work/494cbf65e275b67e/src/hotspot/share/memory/allocation.cpp:46), pid=9252, tid=7668
#
# JRE version:  (11.0.3+12) (build )
# Java VM: OpenJDK 64-Bit Server VM (11.0.3+12-b304.10, mixed mode, aot, sharing, tiered, compressed oops, g1 gc, windows-amd64)
# No core dump will be written. Minidumps are not enabled by default on client versions of Windows
#

---------------  S U M M A R Y ------------

Command Line: org.jetbrains.git4idea.http.GitAskPassApp Password for 'https://aza_bays@bitbucket.org': 

Host: Intel(R) Core(TM) i7-10700K CPU @ 3.80GHz, 16 cores, 31G,  Windows 10 , 64 bit Build 19041 (10.0.19041.1023)
Time: Tue Jun 15 18:00:59 2021 Западная Азия (зима) elapsed time: 0 seconds (0d 0h 0m 0s)

---------------  T H R E A D  ---------------

Current thread (0x000002627459b000):  JavaThread "Unknown thread" [_thread_in_vm, id=7668, stack(0x000000a203300000,0x000000a203400000)]

Stack: [0x000000a203300000,0x000000a203400000]
Native frames: (J=compiled Java code, j=interpreted, Vv=VM code, C=native code)
V  [jvm.dll+0x5da77a]
V  [jvm.dll+0x70b9c9]
V  [jvm.dll+0x70cee8]
V  [jvm.dll+0x70d5b3]
V  [jvm.dll+0x23ddc8]
V  [jvm.dll+0xb0bf4]
V  [jvm.dll+0x2dcf22]
V  [jvm.dll+0x2d60ca]
V  [jvm.dll+0x6eabf7]
V  [jvm.dll+0x6ec38c]
V  [jvm.dll+0x354c29]
V  [jvm.dll+0x6d28ae]
V  [jvm.dll+0x3bd363]
V  [jvm.dll+0x3bf7a1]
C  [java.exe+0x3763]
C  [java.exe+0x17a0c]
C  [KERNEL32.DLL+0x17034]
C  [ntdll.dll+0x52651]


---------------  P R O C E S S  ---------------

Threads class SMR info:
_java_thread_list=0x0000026272302f10, length=0, elements={
}

Java Threads: ( => current thread )

Other Threads:
  0x00000262745b3000 GCTaskThread "GC Thread#0" [stack: 0x000000a203400000,0x000000a203500000] [id=21368]

[error occurred during error reporting (printing all threads), id 0xc0000005, EXCEPTION_ACCESS_VIOLATION (0xc0000005) at pc=0x00007ffa42412250]

VM state:not at safepoint (not fully initialized)

VM Mutex/Monitor currently owned by a thread:  ([mutex/lock_event])
[0x0000026274596cf0] Heap_lock - owner thread: 0x000002627459b000

Heap address: 0x0000000601a00000, size: 8166 MB, Compressed Oops mode: Non-zero based: 0x0000000601a00000
Narrow klass base: 0x0000000000000000, Narrow klass shift: 0

GC Heap History (0 events):
No events

Deoptimization events (0 events):
No events

Classes redefined (0 events):
No events

Internal exceptions (0 events):
No events

Events (0 events):
No events


Dynamic libraries:
0x00007ff6b3620000 - 0x00007ff6b3667000 	C:\Program Files\JetBrains\WebStorm 2019.2\jbr\bin\java.exe
0x00007ffab6af0000 - 0x00007ffab6ce5000 	C:\Windows\SYSTEM32\ntdll.dll
0x00007ffa805e0000 - 0x00007ffa805f3000 	C:\Program Files\Avast Software\Avast\aswhook.dll
0x00007ffab6860000 - 0x00007ffab691d000 	C:\Windows\System32\KERNEL32.DLL
0x00007ffab4230000 - 0x00007ffab44f8000 	C:\Windows\System32\KERNELBASE.dll
0x00007ffab5690000 - 0x00007ffab5830000 	C:\Windows\System32\USER32.dll
0x00007ffab4b00000 - 0x00007ffab4b22000 	C:\Windows\System32\win32u.dll
0x00007ffab61b0000 - 0x00007ffab61da000 	C:\Windows\System32\GDI32.dll
0x00007ffab4840000 - 0x00007ffab494b000 	C:\Windows\System32\gdi32full.dll
0x00007ffab46f0000 - 0x00007ffab478d000 	C:\Windows\System32\msvcp_win.dll
0x00007ffab4560000 - 0x00007ffab4660000 	C:\Windows\System32\ucrtbase.dll
0x00007ffaa8150000 - 0x00007ffaa83ea000 	C:\Windows\WinSxS\amd64_microsoft.windows.common-controls_6595b64144ccf1df_6.0.19041.1052_none_60b8f8fd71f5e8cb\COMCTL32.dll
0x00007ffab6240000 - 0x00007ffab62de000 	C:\Windows\System32\msvcrt.dll
0x00007ffab5830000 - 0x00007ffab5860000 	C:\Windows\System32\IMM32.DLL
0x00007ffaa31a0000 - 0x00007ffaa31b7000 	C:\Program Files\JetBrains\WebStorm 2019.2\jbr\bin\vcruntime140.dll
0x00007ffa8de10000 - 0x00007ffa8dead000 	C:\Program Files\JetBrains\WebStorm 2019.2\jbr\bin\msvcp140.dll
0x00007ffa42130000 - 0x00007ffa42be7000 	C:\Program Files\JetBrains\WebStorm 2019.2\jbr\bin\server\jvm.dll
0x00007ffab4c80000 - 0x00007ffab4d2c000 	C:\Windows\System32\ADVAPI32.dll
0x00007ffab6110000 - 0x00007ffab61ab000 	C:\Windows\System32\sechost.dll
0x00007ffab4e50000 - 0x00007ffab4f7b000 	C:\Windows\System32\RPCRT4.dll
0x00007ffab4e40000 - 0x00007ffab4e48000 	C:\Windows\System32\PSAPI.DLL
0x00007ffaae7c0000 - 0x00007ffaae7ca000 	C:\Windows\SYSTEM32\VERSION.dll
0x00007ffaa94e0000 - 0x00007ffaa9507000 	C:\Windows\SYSTEM32\WINMM.dll
0x00007ffaa5d30000 - 0x00007ffaa5d39000 	C:\Windows\SYSTEM32\WSOCK32.dll
0x00007ffab60a0000 - 0x00007ffab610b000 	C:\Windows\System32\WS2_32.dll
0x00007ffab21a0000 - 0x00007ffab21b2000 	C:\Windows\SYSTEM32\kernel.appcore.dll
0x00007ffaaffd0000 - 0x00007ffaaffe1000 	C:\Program Files\JetBrains\WebStorm 2019.2\jbr\bin\verify.dll
0x00007ffaa9d50000 - 0x00007ffaa9f34000 	C:\Windows\SYSTEM32\DBGHELP.DLL
0x00007ffaa9c20000 - 0x00007ffaa9c4c000 	C:\Windows\SYSTEM32\dbgcore.DLL
0x00007ffab4660000 - 0x00007ffab46e3000 	C:\Windows\System32\bcryptPrimitives.dll
0x00007ffaaff00000 - 0x00007ffaaff29000 	C:\Program Files\JetBrains\WebStorm 2019.2\jbr\bin\java.dll
0x00007ffaafee0000 - 0x00007ffaafef7000 	C:\Program Files\JetBrains\WebStorm 2019.2\jbr\bin\zip.dll
0x00007ffaafed0000 - 0x00007ffaafedb000 	C:\Program Files\JetBrains\WebStorm 2019.2\jbr\bin\jimage.dll

dbghelp: loaded successfully - version: 4.0.5 - missing functions: none
symbol engine: initialized successfully - sym options: 0x614 - pdb path: .;C:\Program Files\JetBrains\WebStorm 2019.2\jbr\bin;C:\Windows\SYSTEM32;C:\Program Files\Avast Software\Avast;C:\Windows\WinSxS\amd64_microsoft.windows.common-controls_6595b64144ccf1df_6.0.19041.1052_none_60b8f8fd71f5e8cb;C:\Program Files\JetBrains\WebStorm 2019.2\jbr\bin\server

VM Arguments:
java_command: org.jetbrains.git4idea.http.GitAskPassApp Password for 'https://aza_bays@bitbucket.org': 
java_class_path (initial): C:/Program Files/JetBrains/WebStorm 2019.2/plugins/git4idea/lib/git4idea-rt.jar;C:/Program Files/JetBrains/WebStorm 2019.2/lib/xmlrpc-2.0.1.jar;C:/Program Files/JetBrains/WebStorm 2019.2/lib/commons-codec-1.12.jar;C:/Program Files/JetBrains/WebStorm 2019.2/lib/util.jar
Launcher Type: SUN_STANDARD

[Global flags]
     intx CICompilerCount                          = 12                                        {product} {ergonomic}
     uint ConcGCThreads                            = 3                                         {product} {ergonomic}
     uint G1ConcRefinementThreads                  = 13                                        {product} {ergonomic}
   size_t G1HeapRegionSize                         = 2097152                                   {product} {ergonomic}
    uintx GCDrainStackTargetSize                   = 64                                        {product} {ergonomic}
   size_t InitialHeapSize                          = 536870912                                 {product} {ergonomic}
   size_t MarkStackSize                            = 4194304                                   {product} {ergonomic}
   size_t MaxHeapSize                              = 8562671616                                {product} {ergonomic}
   size_t MinHeapDeltaBytes                        = 2097152                                   {product} {ergonomic}
    uintx NonNMethodCodeHeapSize                   = 7591728                                {pd product} {ergonomic}
    uintx NonProfiledCodeHeapSize                  = 122033256                              {pd product} {ergonomic}
    uintx ProfiledCodeHeapSize                     = 122033256                              {pd product} {ergonomic}
    uintx ReservedCodeCacheSize                    = 251658240                              {pd product} {ergonomic}
     bool SegmentedCodeCache                       = true                                      {product} {ergonomic}
     bool UseCompressedClassPointers               = true                                 {lp64_product} {ergonomic}
     bool UseCompressedOops                        = true                                 {lp64_product} {ergonomic}
     bool UseG1GC                                  = true                                      {product} {ergonomic}
     bool UseLargePagesIndividualAllocation        = false                                  {pd product} {ergonomic}

Logging:
Log output configuration:
 #0: stdout all=warning uptime,level,tags
 #1: stderr all=off uptime,level,tags

Environment Variables:
PATH=C:\Program Files\Git\mingw64\libexec\git-core;C:\Program Files\Git\mingw64\libexec\git-core;C:\Program Files\Git\mingw64\bin;C:\Program Files\Git\usr\bin;C:\Users\IgnIcuLus\bin;C:\Program Files\JetBrains\WebStorm 2019.2\jbr\bin;C:\Program Files\JetBrains\WebStorm 2019.2\jbr\bin\server;C:\Windows\system32;C:\Windows;C:\Windows\System32\Wbem;C:\Windows\System32\WindowsPowerShell\v1.0;C:\Windows\System32\OpenSSH;C:\Program Files\Git\cmd;C:\Program Files\nodejs;C:\Program Files (x86)\NVIDIA Corporation\PhysX\Common;C:\Program Files\NVIDIA Corporation\NVIDIA NvDLISR;C:\Users\IgnIcuLus\AppData\Local\Microsoft\WindowsApps;C:\Users\IgnIcuLus\AppData\Roaming\npm;C:\Program Files\JetBrains\WebStorm 2019.2\bin
USERNAME=IgnIcuLus
DISPLAY=:0.0
OS=Windows_NT
PROCESSOR_IDENTIFIER=Intel64 Family 6 Model 165 Stepping 5, GenuineIntel



---------------  S Y S T E M  ---------------

OS: Windows 10 , 64 bit Build 19041 (10.0.19041.1023)

CPU:total 16 (initial active 16) (8 cores per cpu, 2 threads per core) family 6 model 165 stepping 5, cmov, cx8, fxsr, mmx, sse, sse2, sse3, ssse3, sse4.1, sse4.2, popcnt, avx, avx2, aes, clmul, erms, 3dnowpref, lzcnt, ht, tsc, tscinvbit, bmi1, bmi2, adx, fma

Memory: 4k page, system-wide physical 32660M (6315M free)
TotalPageFile size 63106M (AvailPageFile size 5M)
current process WorkingSet (physical memory assigned to process): 10M, peak: 10M
current process commit charge ("private bytes"): 58M, peak: 59M

vm_info: OpenJDK 64-Bit Server VM (11.0.3+12-b304.10) for windows-amd64 JRE (11.0.3+12-b304.10), built on Jun 25 2019 07:10:45 by "" with MS VC++ 14.0 (VS2015)

END.
